<?xml version="1.0" encoding="UTF-8"?>
<!-- Generated by org.testng.reporters.JUnitXMLReporter -->
<testsuite hostname="DESKTOP-DVO2OVC" name="Test" tests="1" failures="1" timestamp="11 Aug 2017 03:07:12 GMT" time="0.263" errors="0">
  <testcase name="@AfterMethod exit" time="0.0" classname="com.fonteva.automation.testcases.directDebit">
    <failure type="java.lang.NullPointerException">
      <![CDATA[java.lang.NullPointerException
	at com.fonteva.automation.testcases.directDebit.exit(directDebit.java:336)
... Removed 29 stack frames]]>
    </failure>
  </testcase> <!-- @AfterMethod exit -->
  <testcase name="selectItemWithDD_Existingmandate" time="0.246" classname="com.fonteva.automation.testcases.directDebit">
    <failure type="java.lang.IllegalStateException" message="The driver executable does not exist: C:\Users\Raj Kalagiri\Downloads\Fonteva_Automation-master\Fonteva_Automation-master\drivers\chromedriver">
      <![CDATA[java.lang.IllegalStateException: The driver executable does not exist: C:\Users\Raj Kalagiri\Downloads\Fonteva_Automation-master\Fonteva_Automation-master\drivers\chromedriver
	at com.google.common.base.Preconditions.checkState(Preconditions.java:518)
	at org.openqa.selenium.remote.service.DriverService.checkExecutable(DriverService.java:136)
	at org.openqa.selenium.remote.service.DriverService.findExecutable(DriverService.java:131)
	at org.openqa.selenium.chrome.ChromeDriverService.access$000(ChromeDriverService.java:32)
	at org.openqa.selenium.chrome.ChromeDriverService$Builder.findDefaultExecutable(ChromeDriverService.java:137)
	at org.openqa.selenium.remote.service.DriverService$Builder.build(DriverService.java:330)
	at org.openqa.selenium.chrome.ChromeDriverService.createDefaultService(ChromeDriverService.java:88)
	at org.openqa.selenium.chrome.ChromeDriver.<init>(ChromeDriver.java:124)
	at com.fonteva.automation.base.baseTest.init(baseTest.java:53)
	at com.fonteva.automation.testcases.directDebit.selectItemWithDD_Existingmandate(directDebit.java:22)
... Removed 27 stack frames]]>
    </failure>
  </testcase> <!-- selectItemWithDD_Existingmandate -->
</testsuite> <!-- Test -->
